<?xml version="1.0" encoding="UTF-8"?>
<testsuite name="SabanaNominaTest" tests="1" skipped="0" failures="0" errors="0" timestamp="2021-03-26T19:56:44" hostname="VALEROOMS" time="0.006">
  <properties/>
  <testcase name="shouldPrintPayroll" classname="SabanaNominaTest" time="0.006"/>
  <system-out><![CDATA[Juan Valderrama, departamento Ingenieria,  salario 2.0 $, pago por comision
Mia Lacouture, departamento Medicina,  salario 15.0 $, pago por horas
Vale Romero, departamento Psicologia,  salario 0.92 $, pago por salario

]]></system-out>
  <system-err><![CDATA[]]></system-err>
</testsuite>
